生成启动时间为 2014/11/5 22:20:38。
     1>项目“C:\Users\Helen_Zhan\Documents\Visual Studio 2010\Projects\server\server\server.vcxproj”在节点 2 上(rebuild 个目标)。
     1>_PrepareForClean:
         正在删除文件“Debug\server.lastbuildstate”。
       InitializeBuildStatus:
         正在创建“Debug\server.unsuccessfulbuild”，因为已指定“AlwaysCreate”。
       ClCompile:
         C:\Program Files\Microsoft Visual Studio 10.0\VC\bin\CL.exe /c /ZI /nologo /W3 /WX- /Od /Oy- /D _MBCS /Gm /EHsc /RTC1 /MDd /GS /fp:precise /Zc:wchar_t /Zc:forScope /Fo"Debug\\" /Fd"Debug\vc100.pdb" /Gd /TP /analyze- /errorReport:prompt server.cpp
         server.cpp
       Link:
         C:\Program Files\Microsoft Visual Studio 10.0\VC\bin\link.exe /ERRORREPORT:PROMPT /OUT:"C:\Users\Helen_Zhan\Documents\Visual Studio 2010\Projects\server\Debug\server.exe" /NOLOGO kernel32.lib user32.lib gdi32.lib winspool.lib comdlg32.lib advapi32.lib shell32.lib ole32.lib oleaut32.lib uuid.lib odbc32.lib odbccp32.lib /MANIFEST /ManifestFile:"Debug\server.exe.intermediate.manifest" /MANIFESTUAC:"level='asInvoker' uiAccess='false'" /DEBUG /PDB:"C:\Users\Helen_Zhan\Documents\Visual Studio 2010\Projects\server\Debug\server.pdb" /TLBID:1 /DYNAMICBASE /NXCOMPAT /IMPLIB:"C:\Users\Helen_Zhan\Documents\Visual Studio 2010\Projects\server\Debug\server.lib" /MACHINE:X86 Debug\server.obj
         server.vcxproj -> C:\Users\Helen_Zhan\Documents\Visual Studio 2010\Projects\server\Debug\server.exe
       Manifest:
         C:\Program Files\Microsoft SDKs\Windows\v7.0A\bin\mt.exe /nologo /verbose /outputresource:"C:\Users\Helen_Zhan\Documents\Visual Studio 2010\Projects\server\Debug\server.exe;#1" /manifest Debug\server.exe.intermediate.manifest
       FinalizeBuildStatus:
         正在删除文件“Debug\server.unsuccessfulbuild”。
         正在对“Debug\server.lastbuildstate”执行 Touch 任务。
     1>已完成生成项目“C:\Users\Helen_Zhan\Documents\Visual Studio 2010\Projects\server\server\server.vcxproj”(rebuild 个目标)的操作。

生成成功。

已用时间 00:00:17.19
